<?xml version="1.0" encoding="UTF-8"?>
<!-- Generated by org.testng.reporters.JUnitReportReporter -->
<testsuite hostname="Harshitha_Nag" failures="0" tests="2" name="tests.CreateWallet1" time="13.271" errors="0" timestamp="2024-02-05T11:37:45 GMT" skipped="0">
  <testcase classname="tests.CreateWallet1" name="getStarted" time="3.439"/>
  <testcase classname="tests.CreateWallet1" name="createWallet" time="9.832"/>
</testsuite> <!-- tests.CreateWallet1 -->
